--- auverdionControl Log Di. Okt. 8 11:04:58 2019 ---
QOutputSelect::update
QOutputSelect::update
QOutputSelect::update
QOutputSelect::update
QOutputSelect::update
QOutputSelect::update
QOutputSelect::update
QOutputSelect::update
---------------------------------------------------------------
storeAddOnIdWifi
CFreeDspAurora::hostFoundWifi()
POST /aid HTTP/1.1
Host: 192.168.5.1
Content-type:text/plain
Content-length: 2

02

HTTP/1.1 200 OK
Content-type:text/plain

ACK

Reply complete
HTTP/1.1 200 OK
Content-type:text/plain

ACK

An error occured :
The remote host closed the connection
Disconnected from server
CFreeDspAurora::hostFoundWifi()
POST /writei2c HTTP/1.1
Host: 192.168.5.1
Content-type:text/plain
Content-length: 6

820100

HTTP/1.1 200 OK
Content-type:text/plain

ACK

Reply complete
An error occured :
The remote host closed the connection
Disconnected from server
CFreeDspAurora::hostFoundWifi()
POST /writei2c HTTP/1.1
Host: 192.168.5.1
Content-type:text/plain
Content-length: 6

820101

HTTP/1.1 200 OK
Content-type:text/plain

ACK

Reply complete
An error occured :
The remote host closed the connection
Disconnected from server
---------------------------------------------------------------
storeAddOnIdWifi
CFreeDspAurora::hostFoundWifi()
POST /aid HTTP/1.1
Host: 192.168.5.1
Content-type:text/plain
Content-length: 2

04

HTTP/1.1 200 OK
Content-type:text/plain

ACK

Reply complete
HTTP/1.1 200 OK
Content-type:text/plain

ACK

An error occured :
The remote host closed the connection
Disconnected from server
---------------------------------------------------------------
storeAddOnIdWifi
CFreeDspAurora::hostFoundWifi()
POST /aid HTTP/1.1
Host: 192.168.5.1
Content-type:text/plain
Content-length: 2

02

HTTP/1.1 200 OK
Content-type:text/plain

ACK

Reply complete
HTTP/1.1 200 OK
Content-type:text/plain

ACK

Disconnected from server
CFreeDspAurora::hostFoundWifi()
POST /writei2c HTTP/1.1
Host: 192.168.5.1
Content-type:text/plain
Content-length: 6

820104

HTTP/1.1 200 OK
Content-type:text/plain

ACK

Reply complete
An error occured :
The remote host closed the connection
Disconnected from server
---------------------------------------------------------------
storeAddOnIdWifi
CFreeDspAurora::hostFoundWifi()
POST /aid HTTP/1.1
Host: 192.168.5.1
Content-type:text/plain
Content-length: 2

01

HTTP/1.1 200 OK
Content-type:text/plain

ACK

Reply complete
HTTP/1.1 200 OK
Content-type:text/plain

ACK

An error occured :
The remote host closed the connection
Disconnected from server
